Determining if the include file byteswap.h exists failed with the following output:
Change Dir: /Users/hal/DevelopmentSandbox/TridentTools/trident-can-opener/Vendor/snappy-build/CMakeFiles/CMakeTmp

Run Build Command:"/usr/bin/make" "cmTC_d4ff9/fast"
/Applications/Xcode.app/Contents/Developer/usr/bin/make -f CMakeFiles/cmTC_d4ff9.dir/build.make CMakeFiles/cmTC_d4ff9.dir/build
Building C object CMakeFiles/cmTC_d4ff9.dir/CheckIncludeFile.c.o
/Applications/Xcode.app/Contents/Developer/Toolchains/XcodeDefault.xctoolchain/usr/bin/cc   -isysroot /Applications/Xcode.app/Contents/Developer/Platforms/MacOSX.platform/Developer/SDKs/MacOSX10.13.sdk   -o CMakeFiles/cmTC_d4ff9.dir/CheckIncludeFile.c.o   -c /Users/hal/DevelopmentSandbox/TridentTools/trident-can-opener/Vendor/snappy-build/CMakeFiles/CMakeTmp/CheckIncludeFile.c
/Users/hal/DevelopmentSandbox/TridentTools/trident-can-opener/Vendor/snappy-build/CMakeFiles/CMakeTmp/CheckIncludeFile.c:1:10: fatal error: 'byteswap.h' file not found
#include <byteswap.h>
         ^~~~~~~~~~~~
1 error generated.
make[1]: *** [CMakeFiles/cmTC_d4ff9.dir/CheckIncludeFile.c.o] Error 1
make: *** [cmTC_d4ff9/fast] Error 2


Determining if the include file sys/endian.h exists failed with the following output:
Change Dir: /Users/hal/DevelopmentSandbox/TridentTools/trident-can-opener/Vendor/snappy-build/CMakeFiles/CMakeTmp

Run Build Command:"/usr/bin/make" "cmTC_b70d1/fast"
/Applications/Xcode.app/Contents/Developer/usr/bin/make -f CMakeFiles/cmTC_b70d1.dir/build.make CMakeFiles/cmTC_b70d1.dir/build
Building C object CMakeFiles/cmTC_b70d1.dir/CheckIncludeFile.c.o
/Applications/Xcode.app/Contents/Developer/Toolchains/XcodeDefault.xctoolchain/usr/bin/cc   -isysroot /Applications/Xcode.app/Contents/Developer/Platforms/MacOSX.platform/Developer/SDKs/MacOSX10.13.sdk   -o CMakeFiles/cmTC_b70d1.dir/CheckIncludeFile.c.o   -c /Users/hal/DevelopmentSandbox/TridentTools/trident-can-opener/Vendor/snappy-build/CMakeFiles/CMakeTmp/CheckIncludeFile.c
/Users/hal/DevelopmentSandbox/TridentTools/trident-can-opener/Vendor/snappy-build/CMakeFiles/CMakeTmp/CheckIncludeFile.c:1:10: fatal error: 'sys/endian.h' file not found
#include <sys/endian.h>
         ^~~~~~~~~~~~~~
1 error generated.
make[1]: *** [CMakeFiles/cmTC_b70d1.dir/CheckIncludeFile.c.o] Error 1
make: *** [cmTC_b70d1/fast] Error 2


Determining if the include file windows.h exists failed with the following output:
Change Dir: /Users/hal/DevelopmentSandbox/TridentTools/trident-can-opener/Vendor/snappy-build/CMakeFiles/CMakeTmp

Run Build Command:"/usr/bin/make" "cmTC_41e8a/fast"
/Applications/Xcode.app/Contents/Developer/usr/bin/make -f CMakeFiles/cmTC_41e8a.dir/build.make CMakeFiles/cmTC_41e8a.dir/build
Building C object CMakeFiles/cmTC_41e8a.dir/CheckIncludeFile.c.o
/Applications/Xcode.app/Contents/Developer/Toolchains/XcodeDefault.xctoolchain/usr/bin/cc   -isysroot /Applications/Xcode.app/Contents/Developer/Platforms/MacOSX.platform/Developer/SDKs/MacOSX10.13.sdk   -o CMakeFiles/cmTC_41e8a.dir/CheckIncludeFile.c.o   -c /Users/hal/DevelopmentSandbox/TridentTools/trident-can-opener/Vendor/snappy-build/CMakeFiles/CMakeTmp/CheckIncludeFile.c
/Users/hal/DevelopmentSandbox/TridentTools/trident-can-opener/Vendor/snappy-build/CMakeFiles/CMakeTmp/CheckIncludeFile.c:1:10: fatal error: 'windows.h' file not found
#include <windows.h>
         ^~~~~~~~~~~
1 error generated.
make[1]: *** [CMakeFiles/cmTC_41e8a.dir/CheckIncludeFile.c.o] Error 1
make: *** [cmTC_41e8a/fast] Error 2


Determining if the function lzo1x_1_15_compress exists in the lzo2 failed with the following output:
Change Dir: /Users/hal/DevelopmentSandbox/TridentTools/trident-can-opener/Vendor/snappy-build/CMakeFiles/CMakeTmp

Run Build Command:"/usr/bin/make" "cmTC_ac505/fast"
/Applications/Xcode.app/Contents/Developer/usr/bin/make -f CMakeFiles/cmTC_ac505.dir/build.make CMakeFiles/cmTC_ac505.dir/build
Building C object CMakeFiles/cmTC_ac505.dir/CheckFunctionExists.c.o
/Applications/Xcode.app/Contents/Developer/Toolchains/XcodeDefault.xctoolchain/usr/bin/cc   -DCHECK_FUNCTION_EXISTS=lzo1x_1_15_compress -isysroot /Applications/Xcode.app/Contents/Developer/Platforms/MacOSX.platform/Developer/SDKs/MacOSX10.13.sdk   -o CMakeFiles/cmTC_ac505.dir/CheckFunctionExists.c.o   -c /Applications/CMake.app/Contents/share/cmake-3.12/Modules/CheckFunctionExists.c
Linking C executable cmTC_ac505
/Applications/CMake.app/Contents/bin/cmake -E cmake_link_script CMakeFiles/cmTC_ac505.dir/link.txt --verbose=1
/Applications/Xcode.app/Contents/Developer/Toolchains/XcodeDefault.xctoolchain/usr/bin/cc  -DCHECK_FUNCTION_EXISTS=lzo1x_1_15_compress -isysroot /Applications/Xcode.app/Contents/Developer/Platforms/MacOSX.platform/Developer/SDKs/MacOSX10.13.sdk -Wl,-search_paths_first -Wl,-headerpad_max_install_names   CMakeFiles/cmTC_ac505.dir/CheckFunctionExists.c.o  -o cmTC_ac505 -llzo2 
ld: library not found for -llzo2
clang: error: linker command failed with exit code 1 (use -v to see invocation)
make[1]: *** [cmTC_ac505] Error 1
make: *** [cmTC_ac505/fast] Error 2


